<?xml version="1.0" encoding="UTF-8"?>
<testsuite name="com.meteoapp.util.WeatherUtilsTest" tests="17" skipped="0" failures="0" errors="0" timestamp="2026-09-19T19:41:42.573Z" hostname="6d8a292a" time="0.64">
  <properties/>
  <testcase name="formatWindSpeed_mphConvertsMetersPerSecond" classname="com.meteoapp.util.WeatherUtilsTest" time="0.047"/>
  <testcase name="windDirection_handlesBoundaryAndWraparound" classname="com.meteoapp.util.WeatherUtilsTest" time="0.03"/>
  <testcase name="formatVisibility_milesWhenMphSelected" classname="com.meteoapp.util.WeatherUtilsTest" time="0.067"/>
  <testcase name="formatTemp_oneDecimalRoundsToTenth" classname="com.meteoapp.util.WeatherUtilsTest" time="0.038"/>
  <testcase name="formatHour_appendsHSuffix" classname="com.meteoapp.util.WeatherUtilsTest" time="0.034"/>
  <testcase name="isToday_falseForFarPast" classname="com.meteoapp.util.WeatherUtilsTest" time="0.027"/>
  <testcase name="formatWindSpeed_oneDecimal" classname="com.meteoapp.util.WeatherUtilsTest" time="0.039"/>
  <testcase name="isToday_trueForNowSameUtcDay" classname="com.meteoapp.util.WeatherUtilsTest" time="0.022"/>
  <testcase name="formatFullDayName_returnsFullFrenchDay" classname="com.meteoapp.util.WeatherUtilsTest" time="0.023"/>
  <testcase name="formatPressure_inhgConvertsHpa" classname="com.meteoapp.util.WeatherUtilsTest" time="0.033"/>
  <testcase name="formatTemp_fahrenheitConvertsCelsius" classname="com.meteoapp.util.WeatherUtilsTest" time="0.032"/>
  <testcase name="windDirection_returnsCardinalForKnownAngles" classname="com.meteoapp.util.WeatherUtilsTest" time="0.02"/>
  <testcase name="iconUrl_buildsExpectedUrl" classname="com.meteoapp.util.WeatherUtilsTest" time="0.04"/>
  <testcase name="formatDayName_returnsAbbreviatedFrenchDay" classname="com.meteoapp.util.WeatherUtilsTest" time="0.027"/>
  <testcase name="kmh_convertsMetersPerSecondToKmh" classname="com.meteoapp.util.WeatherUtilsTest" time="0.037"/>
  <testcase name="roundToInt_roundsToNearest" classname="com.meteoapp.util.WeatherUtilsTest" time="0.056"/>
  <testcase name="formatHour_12hFormatUsesAmPm" classname="com.meteoapp.util.WeatherUtilsTest" time="0.062"/>
  <system-out><![CDATA[]]></system-out>
  <system-err><![CDATA[]]></system-err>
</testsuite>
