<?xml version="1.0" encoding="UTF-8"?>
<testsuite name="com.meteoapp.ui.DashboardRenderingTest" tests="6" skipped="0" failures="0" errors="0" timestamp="2026-09-19T19:41:37.400Z" hostname="6d8a292a" time="1.974">
  <properties/>
  <testcase name="allWeatherIconDrawablesLoadAndDraw" classname="com.meteoapp.ui.DashboardRenderingTest" time="0.668"/>
  <testcase name="unknownConditionFallsBackToValidIcon" classname="com.meteoapp.ui.DashboardRenderingTest" time="0.024"/>
  <testcase name="weatherIconsForAllKnownConditionsResolve" classname="com.meteoapp.ui.DashboardRenderingTest" time="0.01"/>
  <testcase name="allWeatherIconsStartAnimationWithoutCrash" classname="com.meteoapp.ui.DashboardRenderingTest" time="0.062"/>
  <testcase name="itemDailyAndHourlyInflateAndDraw" classname="com.meteoapp.ui.DashboardRenderingTest" time="0.386"/>
  <testcase name="mainLayoutInflatesAndAllWeatherIconsLoad" classname="com.meteoapp.ui.DashboardRenderingTest" time="0.813"/>
  <system-out><![CDATA[]]></system-out>
  <system-err><![CDATA[]]></system-err>
</testsuite>
