<?xml version="1.0" encoding="UTF-8"?>
<testsuite name="com.meteoapp.ui.MainActivityLaunchTest" tests="2" skipped="0" failures="0" errors="0" timestamp="2026-09-19T19:41:39.376Z" hostname="6d8a292a" time="1.923">
  <properties/>
  <testcase name="activityLaunchesWithoutCrash" classname="com.meteoapp.ui.MainActivityLaunchTest" time="1.636"/>
  <testcase name="activityLaunchesWithWidgetExtras" classname="com.meteoapp.ui.MainActivityLaunchTest" time="0.285"/>
  <system-out><![CDATA[]]></system-out>
  <system-err><![CDATA[]]></system-err>
</testsuite>
