<?xml version="1.0" encoding="UTF-8"?>
<testsuite name="com.meteoapp.data.WeatherCacheTest" tests="6" skipped="0" failures="0" errors="0" timestamp="2026-09-19T19:41:31.196Z" hostname="6d8a292a" time="4.14">
  <properties/>
  <testcase name="ageMillis_isSmallAfterSave" classname="com.meteoapp.data.WeatherCacheTest" time="2.922"/>
  <testcase name="load_returnsNullForDifferentKey" classname="com.meteoapp.data.WeatherCacheTest" time="0.053"/>
  <testcase name="save_isKeyedByCoordinates" classname="com.meteoapp.data.WeatherCacheTest" time="0.073"/>
  <testcase name="saveThenLoad_roundTripsData" classname="com.meteoapp.data.WeatherCacheTest" time="0.063"/>
  <testcase name="ageMillis_returnsMaxWhenNothingSaved" classname="com.meteoapp.data.WeatherCacheTest" time="0.064"/>
  <testcase name="load_returnsNullWhenNothingSaved" classname="com.meteoapp.data.WeatherCacheTest" time="0.067"/>
  <system-out><![CDATA[]]></system-out>
  <system-err><![CDATA[]]></system-err>
</testsuite>
